[2013-01-28 20-10-56] PHP Warning: fopen(/home/wwwdirs/zednik/www_root/app/../temp/btfj.dat): failed to open stream: Permission denied in /home/wwwdirs/zednik/www_root/libs/Nette/Caching/Storages/FileJournal.php:132  @  http://zednik.velkabystrice.cz/www/
[2013-01-28 20-10-56] Nette\InvalidStateException: Cannot open journal file '/home/wwwdirs/zednik/www_root/app/../temp/btfj.dat'. in /home/wwwdirs/zednik/www_root/libs/Nette/Caching/Storages/FileJournal.php:135  @  http://zednik.velkabystrice.cz/www/  @@  exception-2013-01-28-20-05-08-43cf29ccee188ea0005da2c28275a846.html
[2013-01-28 20-10-56] Nette\Application\ApplicationException: An error occurred while executing error-presenter in /home/wwwdirs/zednik/www_root/libs/Nette/Application/Application.php:156  @  http://zednik.velkabystrice.cz/www/  @@  exception-2013-01-28-20-05-08-2a60506c30cd62c52a11f96960b00177.html
[2013-01-28 20-15-04] PHP Warning: fopen(/home/wwwdirs/zednik/www_root/app/../temp/btfj.dat): failed to open stream: Permission denied in /home/wwwdirs/zednik/www_root/libs/Nette/Caching/Storages/FileJournal.php:132  @  http://zednik.velkabystrice.cz/www/
[2013-01-28 20-15-04] Nette\InvalidStateException: Cannot open journal file '/home/wwwdirs/zednik/www_root/app/../temp/btfj.dat'. in /home/wwwdirs/zednik/www_root/libs/Nette/Caching/Storages/FileJournal.php:135  @  http://zednik.velkabystrice.cz/www/  @@  exception-2013-01-28-20-05-08-43cf29ccee188ea0005da2c28275a846.html
[2013-01-28 20-15-04] Nette\Application\ApplicationException: An error occurred while executing error-presenter in /home/wwwdirs/zednik/www_root/libs/Nette/Application/Application.php:156  @  http://zednik.velkabystrice.cz/www/  @@  exception-2013-01-28-20-05-08-2a60506c30cd62c52a11f96960b00177.html
[2013-01-28 20-16-56] PHP Warning: mkdir(): Permission denied in /home/wwwdirs/zednik/www_root/libs/Nette/Config/Configurator.php:87  @  http://zednik.velkabystrice.cz/www/
[2013-01-28 20-16-56] Nette\DirectoryNotFoundException: Directory '/home/wwwdirs/zednik/www_root/app/../temp/cache' not found. in /home/wwwdirs/zednik/www_root/libs/Nette/Caching/Storages/FileStorage.php:76  @  http://zednik.velkabystrice.cz/www/  @@  exception-2013-01-28-20-16-56-f000fed09b758c8180297c235f1eff49.html
[2013-01-28 20-16-58] PHP Warning: mkdir(): Permission denied in /home/wwwdirs/zednik/www_root/libs/Nette/Config/Configurator.php:87  @  http://zednik.velkabystrice.cz/www/
[2013-01-28 20-16-58] Nette\DirectoryNotFoundException: Directory '/home/wwwdirs/zednik/www_root/app/../temp/cache' not found. in /home/wwwdirs/zednik/www_root/libs/Nette/Caching/Storages/FileStorage.php:76  @  http://zednik.velkabystrice.cz/www/  @@  exception-2013-01-28-20-16-56-f000fed09b758c8180297c235f1eff49.html
[2013-01-28 20-16-58] PHP Warning: mkdir(): Permission denied in /home/wwwdirs/zednik/www_root/libs/Nette/Config/Configurator.php:87  @  http://zednik.velkabystrice.cz/www/
[2013-01-28 20-16-58] Nette\DirectoryNotFoundException: Directory '/home/wwwdirs/zednik/www_root/app/../temp/cache' not found. in /home/wwwdirs/zednik/www_root/libs/Nette/Caching/Storages/FileStorage.php:76  @  http://zednik.velkabystrice.cz/www/  @@  exception-2013-01-28-20-16-56-f000fed09b758c8180297c235f1eff49.html
[2013-01-28 20-26-20] PHP Notice: Undefined variable: anyVariable in /home/wwwdirs/zednik/www_root/temp/cache/_Nette.FileTemplate/_templates._layout.latte-d08f0427c7aa9a934bb2869f026e858b.php:96  @  http://zednik.velkabystrice.cz/www/homepage/show
[2013-01-28 20-26-34] PHP Notice: Undefined variable: anyVariable in /home/wwwdirs/zednik/www_root/temp/cache/_Nette.FileTemplate/_templates._layout.latte-d08f0427c7aa9a934bb2869f026e858b.php:96  @  http://zednik.velkabystrice.cz/www/homepage/show
[2013-01-28 21-40-22] PHP Notice: Undefined variable: anyVariable in /home/wwwdirs/zednik/www_root/temp/cache/_Nette.FileTemplate/_templates._layout.latte-d08f0427c7aa9a934bb2869f026e858b.php:96  @  http://zednik.velkabystrice.cz/www/homepage/show
[2013-01-28 21-40-23] PHP Notice: Undefined variable: anyVariable in /home/wwwdirs/zednik/www_root/temp/cache/_Nette.FileTemplate/_templates._layout.latte-d08f0427c7aa9a934bb2869f026e858b.php:96  @  http://zednik.velkabystrice.cz/www/homepage/show
[2013-01-28 21-40-25] PHP Notice: Undefined variable: anyVariable in /home/wwwdirs/zednik/www_root/temp/cache/_Nette.FileTemplate/_templates._layout.latte-d08f0427c7aa9a934bb2869f026e858b.php:96  @  http://zednik.velkabystrice.cz/www/homepage/show
[2013-01-28 21-40-27] PHP Notice: Undefined variable: anyVariable in /home/wwwdirs/zednik/www_root/temp/cache/_Nette.FileTemplate/_templates._layout.latte-d08f0427c7aa9a934bb2869f026e858b.php:96  @  http://zednik.velkabystrice.cz/www/homepage/show
[2013-01-28 21-40-28] PHP Notice: Undefined variable: anyVariable in /home/wwwdirs/zednik/www_root/temp/cache/_Nette.FileTemplate/_templates._layout.latte-d08f0427c7aa9a934bb2869f026e858b.php:96  @  http://zednik.velkabystrice.cz/www/homepage/show
[2013-01-28 21-40-29] PHP Notice: Undefined variable: anyVariable in /home/wwwdirs/zednik/www_root/temp/cache/_Nette.FileTemplate/_templates._layout.latte-d08f0427c7aa9a934bb2869f026e858b.php:96  @  http://zednik.velkabystrice.cz/www/homepage/show
[2013-01-28 21-40-37] PHP Notice: Undefined variable: anyVariable in /home/wwwdirs/zednik/www_root/temp/cache/_Nette.FileTemplate/_templates._layout.latte-d08f0427c7aa9a934bb2869f026e858b.php:96  @  http://zednik.velkabystrice.cz/www/homepage/show
[2013-01-28 21-40-37] PHP Notice: Undefined variable: anyVariable in /home/wwwdirs/zednik/www_root/temp/cache/_Nette.FileTemplate/_templates._layout.latte-d08f0427c7aa9a934bb2869f026e858b.php:96  @  http://zednik.velkabystrice.cz/www/homepage/show
[2013-01-28 21-40-38] PHP Notice: Undefined variable: anyVariable in /home/wwwdirs/zednik/www_root/temp/cache/_Nette.FileTemplate/_templates._layout.latte-d08f0427c7aa9a934bb2869f026e858b.php:96  @  http://zednik.velkabystrice.cz/www/homepage/show
[2013-01-28 21-40-47] PHP Notice: Undefined variable: anyVariable in /home/wwwdirs/zednik/www_root/temp/cache/_Nette.FileTemplate/_templates._layout.latte-d08f0427c7aa9a934bb2869f026e858b.php:96  @  http://zednik.velkabystrice.cz/www/homepage/show
[2013-01-28 21-40-48] PHP Notice: Undefined variable: anyVariable in /home/wwwdirs/zednik/www_root/temp/cache/_Nette.FileTemplate/_templates._layout.latte-d08f0427c7aa9a934bb2869f026e858b.php:96  @  http://zednik.velkabystrice.cz/www/homepage/show
[2013-01-28 21-40-48] PHP Notice: Undefined variable: anyVariable in /home/wwwdirs/zednik/www_root/temp/cache/_Nette.FileTemplate/_templates._layout.latte-d08f0427c7aa9a934bb2869f026e858b.php:96  @  http://zednik.velkabystrice.cz/www/homepage/show
[2013-01-28 21-40-50] PHP Notice: Undefined variable: anyVariable in /home/wwwdirs/zednik/www_root/temp/cache/_Nette.FileTemplate/_templates._layout.latte-d08f0427c7aa9a934bb2869f026e858b.php:96  @  http://zednik.velkabystrice.cz/www/homepage/show
[2013-01-28 21-46-05] PHP Notice: Undefined variable: anyVariable in /home/wwwdirs/zednik/www_root/temp/cache/_Nette.FileTemplate/_templates._layout.latte-d08f0427c7aa9a934bb2869f026e858b.php:96  @  http://zednik.velkabystrice.cz/www/homepage/show
[2013-01-28 22-59-52] PHP Notice: Undefined variable: anyVariable in /home/wwwdirs/zednik/www_root/temp/cache/_Nette.FileTemplate/_templates._layout.latte-d08f0427c7aa9a934bb2869f026e858b.php:98  @  http://zednik.velkabystrice.cz/www/homepage/ospol
[2013-01-28 22-59-56] PHP Notice: Undefined variable: anyVariable in /home/wwwdirs/zednik/www_root/temp/cache/_Nette.FileTemplate/_templates._layout.latte-d08f0427c7aa9a934bb2869f026e858b.php:98  @  http://zednik.velkabystrice.cz/www/error/ospol
[2013-01-28 23-00-20] PHP Notice: Undefined variable: anyVariable in /home/wwwdirs/zednik/www_root/temp/cache/_Nette.FileTemplate/_templates._layout.latte-d08f0427c7aa9a934bb2869f026e858b.php:98  @  http://zednik.velkabystrice.cz/www/error/ospol
[2013-01-28 23-00-33] PHP Notice: Undefined variable: anyVariable in /home/wwwdirs/zednik/www_root/temp/cache/_Nette.FileTemplate/_templates._layout.latte-d08f0427c7aa9a934bb2869f026e858b.php:98  @  http://zednik.velkabystrice.cz/www/error/ospol
[2013-01-28 23-00-35] PHP Notice: Undefined variable: anyVariable in /home/wwwdirs/zednik/www_root/temp/cache/_Nette.FileTemplate/_templates._layout.latte-d08f0427c7aa9a934bb2869f026e858b.php:98  @  http://zednik.velkabystrice.cz/www/error/
[2013-01-28 23-00-37] PHP Notice: Undefined variable: anyVariable in /home/wwwdirs/zednik/www_root/temp/cache/_Nette.FileTemplate/_templates._layout.latte-d08f0427c7aa9a934bb2869f026e858b.php:98  @  http://zednik.velkabystrice.cz/www/error/
[2013-01-28 23-00-38] PHP Notice: Undefined variable: anyVariable in /home/wwwdirs/zednik/www_root/temp/cache/_Nette.FileTemplate/_templates._layout.latte-d08f0427c7aa9a934bb2869f026e858b.php:98  @  http://zednik.velkabystrice.cz/www/error/
[2013-01-28 23-00-40] PHP Notice: Undefined variable: anyVariable in /home/wwwdirs/zednik/www_root/temp/cache/_Nette.FileTemplate/_templates._layout.latte-d08f0427c7aa9a934bb2869f026e858b.php:98  @  http://zednik.velkabystrice.cz/www/error/
[2013-01-28 23-03-46] PHP Notice: Undefined variable: anyVariable in /home/wwwdirs/zednik/www_root/temp/cache/_Nette.FileTemplate/_templates._layout.latte-d08f0427c7aa9a934bb2869f026e858b.php:99  @  http://zednik.velkabystrice.cz/www/homepage/about
[2013-01-28 23-03-48] PHP Notice: Undefined variable: anyVariable in /home/wwwdirs/zednik/www_root/temp/cache/_Nette.FileTemplate/_templates._layout.latte-d08f0427c7aa9a934bb2869f026e858b.php:99  @  http://zednik.velkabystrice.cz/www/homepage/about
[2013-01-28 23-03-51] PHP Notice: Undefined variable: anyVariable in /home/wwwdirs/zednik/www_root/temp/cache/_Nette.FileTemplate/_templates._layout.latte-d08f0427c7aa9a934bb2869f026e858b.php:99  @  http://zednik.velkabystrice.cz/www/homepage/about
[2013-01-29 18-42-14] Nette\FileNotFoundException: Missing template file '/home/wwwdirs/zednik/www_root/app/templates/top'. in /home/wwwdirs/zednik/www_root/libs/Nette/Templating/FileTemplate.php:53  @  http://zednik.velkabystrice.cz/www/  @@  exception-2013-01-29-18-42-14-8234fbf7bab3e2c93920d92127516b99.html
[2013-01-29 18-42-23] Nette\FileNotFoundException: Missing template file '/home/wwwdirs/zednik/www_root/app/templates/top'. in /home/wwwdirs/zednik/www_root/libs/Nette/Templating/FileTemplate.php:53  @  http://zednik.velkabystrice.cz/www/  @@  exception-2013-01-29-18-42-14-8234fbf7bab3e2c93920d92127516b99.html
[2013-01-29 18-42-24] Nette\FileNotFoundException: Missing template file '/home/wwwdirs/zednik/www_root/app/templates/top'. in /home/wwwdirs/zednik/www_root/libs/Nette/Templating/FileTemplate.php:53  @  http://zednik.velkabystrice.cz/www/homepage/about  @@  exception-2013-01-29-18-42-24-2db3468e09fa6077439eaed9377c8d32.html
[2013-01-29 18-42-47] Nette\InvalidStateException: Cannot include undefined block 'Nadpis'. in /home/wwwdirs/zednik/www_root/libs/Nette/Latte/Macros/UIMacros.php:460  @  http://zednik.velkabystrice.cz/www/homepage/about  @@  exception-2013-01-29-18-42-47-9ee916ec0435d40db92254cc66ab3bab.html
[2013-01-29 18-43-03] Nette\InvalidStateException: Cannot include undefined block 'Nadpis'. in /home/wwwdirs/zednik/www_root/libs/Nette/Latte/Macros/UIMacros.php:460  @  http://zednik.velkabystrice.cz/www/homepage/about  @@  exception-2013-01-29-18-42-47-9ee916ec0435d40db92254cc66ab3bab.html
[2013-01-29 18-44-09] Nette\InvalidStateException: Cannot include undefined block 'nadpis'. in /home/wwwdirs/zednik/www_root/libs/Nette/Latte/Macros/UIMacros.php:460  @  http://zednik.velkabystrice.cz/www/homepage/about  @@  exception-2013-01-29-18-44-09-31d47af663fb14310ac2bb2ecdbad4fd.html
[2013-01-29 18-44-20] Nette\InvalidStateException: Cannot include undefined block 'nadpis'. in /home/wwwdirs/zednik/www_root/libs/Nette/Latte/Macros/UIMacros.php:460  @  http://zednik.velkabystrice.cz/www/homepage/about  @@  exception-2013-01-29-18-44-09-31d47af663fb14310ac2bb2ecdbad4fd.html
[2013-01-29 18-44-21] Nette\InvalidStateException: Cannot include undefined block 'nadpis'. in /home/wwwdirs/zednik/www_root/libs/Nette/Latte/Macros/UIMacros.php:460  @  http://zednik.velkabystrice.cz/www/homepage/about  @@  exception-2013-01-29-18-44-09-31d47af663fb14310ac2bb2ecdbad4fd.html
[2013-01-29 18-44-22] Nette\InvalidStateException: Cannot include undefined block 'nadpis'. in /home/wwwdirs/zednik/www_root/libs/Nette/Latte/Macros/UIMacros.php:460  @  http://zednik.velkabystrice.cz/www/homepage/about  @@  exception-2013-01-29-18-44-09-31d47af663fb14310ac2bb2ecdbad4fd.html
[2013-01-29 18-44-22] Nette\InvalidStateException: Cannot include undefined block 'nadpis'. in /home/wwwdirs/zednik/www_root/libs/Nette/Latte/Macros/UIMacros.php:460  @  http://zednik.velkabystrice.cz/www/homepage/about  @@  exception-2013-01-29-18-44-09-31d47af663fb14310ac2bb2ecdbad4fd.html
[2013-01-29 18-54-18] Nette\InvalidStateException: Cannot include undefined block 'nadpis'. in /home/wwwdirs/zednik/www_root/libs/Nette/Latte/Macros/UIMacros.php:460  @  http://zednik.velkabystrice.cz/www/homepage/about  @@  exception-2013-01-29-18-44-09-31d47af663fb14310ac2bb2ecdbad4fd.html
[2013-01-29 18-54-21] Nette\InvalidStateException: Cannot include undefined block 'nadpis'. in /home/wwwdirs/zednik/www_root/libs/Nette/Latte/Macros/UIMacros.php:460  @  http://zednik.velkabystrice.cz/www/homepage/about  @@  exception-2013-01-29-18-44-09-31d47af663fb14310ac2bb2ecdbad4fd.html
[2013-01-29 19-53-53] Nette\InvalidStateException: Cannot include undefined block 'nadpis'. in /home/wwwdirs/zednik/www_root/libs/Nette/Latte/Macros/UIMacros.php:460  @  http://zednik.velkabystrice.cz/www/homepage/about  @@  exception-2013-01-29-18-44-09-31d47af663fb14310ac2bb2ecdbad4fd.html
[2013-01-29 19-53-57] Nette\InvalidStateException: Cannot include undefined block 'nadpis'. in /home/wwwdirs/zednik/www_root/libs/Nette/Latte/Macros/UIMacros.php:460  @  http://zednik.velkabystrice.cz/www/homepage/about  @@  exception-2013-01-29-18-44-09-31d47af663fb14310ac2bb2ecdbad4fd.html
[2013-01-29 19-53-58] Nette\InvalidStateException: Cannot include undefined block 'nadpis'. in /home/wwwdirs/zednik/www_root/libs/Nette/Latte/Macros/UIMacros.php:460  @  http://zednik.velkabystrice.cz/www/homepage/about  @@  exception-2013-01-29-18-44-09-31d47af663fb14310ac2bb2ecdbad4fd.html
[2013-01-29 19-54-00] Nette\InvalidStateException: Cannot include undefined block 'nadpis'. in /home/wwwdirs/zednik/www_root/libs/Nette/Latte/Macros/UIMacros.php:460  @  http://zednik.velkabystrice.cz/www/homepage/about  @@  exception-2013-01-29-18-44-09-31d47af663fb14310ac2bb2ecdbad4fd.html
[2013-01-29 19-54-04] Nette\InvalidStateException: Cannot include undefined block 'nadpis'. in /home/wwwdirs/zednik/www_root/libs/Nette/Latte/Macros/UIMacros.php:460  @  http://zednik.velkabystrice.cz/www/homepage/about  @@  exception-2013-01-29-18-44-09-31d47af663fb14310ac2bb2ecdbad4fd.html
[2013-01-29 19-58-13] Nette\InvalidStateException: Cannot include undefined block 'nadpis'. in /home/wwwdirs/zednik/www_root/libs/Nette/Latte/Macros/UIMacros.php:460  @  http://zednik.velkabystrice.cz/www/homepage/about  @@  exception-2013-01-29-18-44-09-31d47af663fb14310ac2bb2ecdbad4fd.html
[2013-01-29 19-58-16] Nette\InvalidStateException: Cannot include undefined block 'nadpis'. in /home/wwwdirs/zednik/www_root/libs/Nette/Latte/Macros/UIMacros.php:460  @  http://zednik.velkabystrice.cz/www/homepage/about  @@  exception-2013-01-29-18-44-09-31d47af663fb14310ac2bb2ecdbad4fd.html
